Method|ThreadCount|BlobName|SizeMB|Mbps|MilliSec
SyncCopy | 4 | 001MB/File02.dat | 1.0 | 4.53 | 1766.00
SyncCopy | 4 | 001MB/File03.dat | 1.0 | 4.33 | 1847.77
SyncCopy | 4 | 001MB/File00.dat | 1.0 | 4.09 | 1955.22
SyncCopy | 4 | 001MB/File01.dat | 1.0 | 3.26 | 2450.32
SyncCopy | 4 | 001MB/File04.dat | 1.0 | 9.31 | 859.20
SyncCopy | 4 | 001MB/File06.dat | 1.0 | 8.31 | 962.34
SyncCopy | 4 | 001MB/File07.dat | 1.0 | 10.14 | 788.89
SyncCopy | 4 | 001MB/File05.dat | 1.0 | 5.75 | 1391.50
SyncCopy | 4 | 001MB/File08.dat | 1.0 | 9.25 | 864.58
SyncCopy | 4 | 001MB/File09.dat | 1.0 | 8.73 | 916.90
SyncCopy | 4 | 010MB/File03.dat | 10.0 | 24.98 | 3202.73
SyncCopy | 4 | 010MB/File02.dat | 10.0 | 15.21 | 5259.78
SyncCopy | 4 | 010MB/File01.dat | 10.0 | 10.24 | 7809.61
SyncCopy | 4 | 010MB/File00.dat | 10.0 | 8.46 | 9458.29
SyncCopy | 4 | 010MB/File04.dat | 10.0 | 12.35 | 6480.21
SyncCopy | 4 | 010MB/File06.dat | 10.0 | 10.21 | 7834.19
SyncCopy | 4 | 010MB/File05.dat | 10.0 | 6.89 | 11603.33
SyncCopy | 4 | 010MB/File08.dat | 10.0 | 9.97 | 8021.56
SyncCopy | 4 | 010MB/File07.dat | 10.0 | 6.17 | 12970.35
SyncCopy | 4 | 010MB/File09.dat | 10.0 | 6.26 | 12779.30
SyncCopy | 4 | 100MB/File01.dat | 100.0 | 44.66 | 17914.10
SyncCopy | 4 | 100MB/File02.dat | 100.0 | 55.14 | 14509.54
SyncCopy | 4 | 100MB/File00.dat | 100.0 | 38.41 | 20827.89
SyncCopy | 4 | 100MB/File03.dat | 100.0 | 39.02 | 20501.22
SyncCopy | 4 | 100MB/File04.dat | 100.0 | 42.40 | 18867.70
SyncCopy | 4 | 100MB/File06.dat | 100.0 | 41.03 | 19498.51
SyncCopy | 4 | 100MB/File05.dat | 100.0 | 38.25 | 20916.59
SyncCopy | 4 | 100MB/File07.dat | 100.0 | 44.61 | 17932.96
SyncCopy | 4 | 100MB/File08.dat | 100.0 | 49.50 | 16160.82
SyncCopy | 4 | 100MB/File09.dat | 100.0 | 54.74 | 14614.39
SyncCopy-Total | 4 | 30 blobs | 1110.0 | 117.79 | 00:01:15.3885837
ServiceSideSyncCopy | 4 | 001MB/File02.dat | 1.0 | 5.07 | 1577.59
ServiceSideSyncCopy | 4 | 001MB/File03.dat | 1.0 | 4.82 | 1660.27
ServiceSideSyncCopy | 4 | 001MB/File01.dat | 1.0 | 4.55 | 1757.65
ServiceSideSyncCopy | 4 | 001MB/File04.dat | 1.0 | 11.02 | 725.70
ServiceSideSyncCopy | 4 | 001MB/File05.dat | 1.0 | 11.05 | 724.25
ServiceSideSyncCopy | 4 | 001MB/File06.dat | 1.0 | 12.56 | 637.18
ServiceSideSyncCopy | 4 | 001MB/File00.dat | 1.0 | 3.19 | 2508.52
ServiceSideSyncCopy | 4 | 001MB/File08.dat | 1.0 | 10.18 | 786.02
ServiceSideSyncCopy | 4 | 001MB/File09.dat | 1.0 | 9.10 | 879.12
ServiceSideSyncCopy | 4 | 001MB/File07.dat | 1.0 | 4.27 | 1874.72
ServiceSideSyncCopy | 4 | 010MB/File00.dat | 10.0 | 44.98 | 1778.52
ServiceSideSyncCopy | 4 | 010MB/File01.dat | 10.0 | 25.26 | 3166.64
ServiceSideSyncCopy | 4 | 010MB/File02.dat | 10.0 | 23.25 | 3440.39
ServiceSideSyncCopy | 4 | 010MB/File03.dat | 10.0 | 15.27 | 5240.36
ServiceSideSyncCopy | 4 | 010MB/File05.dat | 10.0 | 25.82 | 3098.91
ServiceSideSyncCopy | 4 | 010MB/File04.dat | 10.0 | 12.21 | 6554.00
ServiceSideSyncCopy | 4 | 010MB/File06.dat | 10.0 | 18.57 | 4307.28
ServiceSideSyncCopy | 4 | 010MB/File08.dat | 10.0 | 29.44 | 2717.83
ServiceSideSyncCopy | 4 | 010MB/File09.dat | 10.0 | 13.55 | 5905.36
ServiceSideSyncCopy | 4 | 010MB/File07.dat | 10.0 | 10.17 | 7864.35
ServiceSideSyncCopy | 4 | 100MB/File00.dat | 100.0 | 109.55 | 7302.58
ServiceSideSyncCopy | 4 | 100MB/File01.dat | 100.0 | 108.35 | 7383.58
ServiceSideSyncCopy | 4 | 100MB/File03.dat | 100.0 | 144.65 | 5530.55
ServiceSideSyncCopy | 4 | 100MB/File02.dat | 100.0 | 111.21 | 7193.83
ServiceSideSyncCopy | 4 | 100MB/File05.dat | 100.0 | 144.62 | 5531.85
ServiceSideSyncCopy | 4 | 100MB/File04.dat | 100.0 | 106.54 | 7509.26
ServiceSideSyncCopy | 4 | 100MB/File06.dat | 100.0 | 101.36 | 7892.64
ServiceSideSyncCopy | 4 | 100MB/File09.dat | 100.0 | 137.38 | 5823.15
ServiceSideSyncCopy | 4 | 100MB/File07.dat | 100.0 | 96.80 | 8264.21
ServiceSideSyncCopy | 4 | 100MB/File08.dat | 100.0 | 97.00 | 8247.28
ServiceSideSyncCopy-Total | 4 | 30 blobs | 1110.0 | 265.75 | 00:00:33.4153176
ServiceSideAsyncCopy | 4 | 001MB/File02.dat | 1.0 | 4.79 | 1668.91
ServiceSideAsyncCopy | 4 | 001MB/File03.dat | 1.0 | 1.27 | 6307.02
ServiceSideAsyncCopy | 4 | 001MB/File00.dat | 1.0 | .74 | 10817.36
ServiceSideAsyncCopy | 4 | 001MB/File04.dat | 1.0 | .74 | 10763.20
ServiceSideAsyncCopy | 4 | 001MB/File05.dat | 1.0 | 1.28 | 6253.79
ServiceSideAsyncCopy | 4 | 001MB/File01.dat | 1.0 | .62 | 12832.31
ServiceSideAsyncCopy | 4 | 001MB/File06.dat | 1.0 | 3.91 | 2044.94
ServiceSideAsyncCopy | 4 | 001MB/File07.dat | 1.0 | 7.97 | 1004.12
ServiceSideAsyncCopy | 4 | 001MB/File09.dat | 1.0 | 9.85 | 812.36
ServiceSideAsyncCopy | 4 | 001MB/File08.dat | 1.0 | 6.56 | 1219.59
ServiceSideAsyncCopy | 4 | 010MB/File00.dat | 10.0 | 18.64 | 4292.10
ServiceSideAsyncCopy | 4 | 010MB/File01.dat | 10.0 | 11.83 | 6764.53
ServiceSideAsyncCopy | 4 | 010MB/File03.dat | 10.0 | 10.75 | 7443.78
ServiceSideAsyncCopy | 4 | 010MB/File02.dat | 10.0 | 9.54 | 8389.06
ServiceSideAsyncCopy | 4 | 010MB/File04.dat | 10.0 | 15.11 | 5294.13
ServiceSideAsyncCopy | 4 | 010MB/File05.dat | 10.0 | 15.64 | 5116.22
ServiceSideAsyncCopy | 4 | 010MB/File06.dat | 10.0 | 15.73 | 5085.54
ServiceSideAsyncCopy | 4 | 010MB/File08.dat | 10.0 | 12.24 | 6533.49
ServiceSideAsyncCopy | 4 | 010MB/File07.dat | 10.0 | 9.95 | 8037.71
ServiceSideAsyncCopy | 4 | 010MB/File09.dat | 10.0 | 13.86 | 5771.56
ServiceSideAsyncCopy | 4 | 100MB/File00.dat | 100.0 | 32.56 | 24568.68
ServiceSideAsyncCopy | 4 | 100MB/File01.dat | 100.0 | 27.19 | 29426.45
ServiceSideAsyncCopy | 4 | 100MB/File02.dat | 100.0 | 19.28 | 41501.27
ServiceSideAsyncCopy | 4 | 100MB/File03.dat | 100.0 | 16.62 | 48123.58
ServiceSideAsyncCopy | 4 | 100MB/File04.dat | 100.0 | 19.74 | 40523.72
ServiceSideAsyncCopy | 4 | 100MB/File05.dat | 100.0 | 17.90 | 44693.36
ServiceSideAsyncCopy | 4 | 100MB/File06.dat | 100.0 | 17.85 | 44825.87
ServiceSideAsyncCopy | 4 | 100MB/File07.dat | 100.0 | 15.60 | 51286.01
ServiceSideAsyncCopy | 4 | 100MB/File08.dat | 100.0 | 16.59 | 48232.12
ServiceSideAsyncCopy | 4 | 100MB/File09.dat | 100.0 | 17.08 | 46828.28
ServiceSideAsyncCopy-Total | 4 | 30 blobs | 1110.0 | 59.19 | 00:02:30.0272461
SyncCopy | 8 | 001MB/File01.dat | 1.0 | 7.56 | 1058.59
SyncCopy | 8 | 001MB/File03.dat | 1.0 | 6.15 | 1300.93
SyncCopy | 8 | 001MB/File07.dat | 1.0 | 5.82 | 1373.61
SyncCopy | 8 | 001MB/File02.dat | 1.0 | 5.30 | 1508.42
SyncCopy | 8 | 001MB/File00.dat | 1.0 | 5.22 | 1531.49
SyncCopy | 8 | 001MB/File05.dat | 1.0 | 5.18 | 1544.50
SyncCopy | 8 | 001MB/File06.dat | 1.0 | 4.91 | 1629.96
SyncCopy | 8 | 001MB/File04.dat | 1.0 | 3.46 | 2312.91
SyncCopy | 8 | 001MB/File09.dat | 1.0 | 5.27 | 1518.50
SyncCopy | 8 | 001MB/File08.dat | 1.0 | 3.75 | 2133.12
SyncCopy | 8 | 010MB/File02.dat | 10.0 | 20.78 | 3849.56
SyncCopy | 8 | 010MB/File05.dat | 10.0 | 18.00 | 4444.45
SyncCopy | 8 | 010MB/File00.dat | 10.0 | 11.65 | 6867.04
SyncCopy | 8 | 010MB/File07.dat | 10.0 | 14.73 | 5432.27
SyncCopy | 8 | 010MB/File04.dat | 10.0 | 8.77 | 9126.00
SyncCopy | 8 | 010MB/File01.dat | 10.0 | 8.29 | 9654.93
SyncCopy | 8 | 010MB/File06.dat | 10.0 | 5.88 | 13598.39
SyncCopy | 8 | 010MB/File03.dat | 10.0 | 4.77 | 16755.60
SyncCopy | 8 | 010MB/File08.dat | 10.0 | 4.09 | 19539.74
SyncCopy | 8 | 010MB/File09.dat | 10.0 | 4.39 | 18216.16
SyncCopy | 8 | 100MB/File01.dat | 100.0 | 33.72 | 23727.92
SyncCopy | 8 | 100MB/File03.dat | 100.0 | 36.84 | 21717.47
SyncCopy | 8 | 100MB/File00.dat | 100.0 | 32.34 | 24735.39
SyncCopy | 8 | 100MB/File04.dat | 100.0 | 44.13 | 18126.22
SyncCopy | 8 | 100MB/File02.dat | 100.0 | 29.96 | 26703.33
SyncCopy | 8 | 100MB/File05.dat | 100.0 | 38.13 | 20980.66
SyncCopy | 8 | 100MB/File06.dat | 100.0 | 49.32 | 16221.82
SyncCopy | 8 | 100MB/File07.dat | 100.0 | 39.30 | 20357.09
SyncCopy | 8 | 100MB/File08.dat | 100.0 | 52.03 | 15374.45
SyncCopy | 8 | 100MB/File09.dat | 100.0 | 44.15 | 18120.89
SyncCopy-Total | 8 | 30 blobs | 1110.0 | 173.77 | 00:00:51.1025839
ServiceSideSyncCopy | 8 | 001MB/File02.dat | 1.0 | 6.56 | 1218.68
ServiceSideSyncCopy | 8 | 001MB/File01.dat | 1.0 | 5.55 | 1442.60
ServiceSideSyncCopy | 8 | 001MB/File04.dat | 1.0 | 5.55 | 1442.47
ServiceSideSyncCopy | 8 | 001MB/File06.dat | 1.0 | 5.55 | 1442.44
ServiceSideSyncCopy | 8 | 001MB/File03.dat | 1.0 | 5.55 | 1442.61
ServiceSideSyncCopy | 8 | 001MB/File05.dat | 1.0 | 5.32 | 1503.52
ServiceSideSyncCopy | 8 | 001MB/File00.dat | 1.0 | 5.02 | 1592.52
ServiceSideSyncCopy | 8 | 001MB/File08.dat | 1.0 | 14.09 | 567.62
ServiceSideSyncCopy | 8 | 001MB/File09.dat | 1.0 | 13.49 | 592.89
ServiceSideSyncCopy | 8 | 001MB/File07.dat | 1.0 | 3.59 | 2225.63
ServiceSideSyncCopy | 8 | 010MB/File01.dat | 10.0 | 43.59 | 1835.24
ServiceSideSyncCopy | 8 | 010MB/File06.dat | 10.0 | 49.23 | 1624.90
ServiceSideSyncCopy | 8 | 010MB/File00.dat | 10.0 | 30.77 | 2599.60
ServiceSideSyncCopy | 8 | 010MB/File02.dat | 10.0 | 27.99 | 2858.45
ServiceSideSyncCopy | 8 | 010MB/File08.dat | 10.0 | 43.69 | 1830.98
ServiceSideSyncCopy | 8 | 010MB/File09.dat | 10.0 | 38.12 | 2098.46
ServiceSideSyncCopy | 8 | 010MB/File07.dat | 10.0 | 21.80 | 3669.92
ServiceSideSyncCopy | 8 | 010MB/File05.dat | 10.0 | 16.86 | 4744.21
ServiceSideSyncCopy | 8 | 010MB/File03.dat | 10.0 | 12.00 | 6667.42
ServiceSideSyncCopy | 8 | 100MB/File02.dat | 100.0 | 203.95 | 3922.61
ServiceSideSyncCopy | 8 | 100MB/File00.dat | 100.0 | 155.73 | 5137.21
ServiceSideSyncCopy | 8 | 100MB/File05.dat | 100.0 | 196.43 | 4072.74
ServiceSideSyncCopy | 8 | 100MB/File03.dat | 100.0 | 163.71 | 4886.82
ServiceSideSyncCopy | 8 | 100MB/File04.dat | 100.0 | 136.79 | 5848.37
ServiceSideSyncCopy | 8 | 100MB/File01.dat | 100.0 | 92.52 | 8647.18
ServiceSideSyncCopy | 8 | 100MB/File06.dat | 100.0 | 164.60 | 4860.23
ServiceSideSyncCopy | 8 | 100MB/File08.dat | 100.0 | 163.49 | 4893.34
ServiceSideSyncCopy | 8 | 100MB/File07.dat | 100.0 | 126.02 | 6348.35
ServiceSideSyncCopy | 8 | 100MB/File09.dat | 100.0 | 134.12 | 5965.00
ServiceSideSyncCopy | 8 | 010MB/File04.dat | 10.0 | 4.93 | 16224.21
ServiceSideSyncCopy-Total | 8 | 30 blobs | 1110.0 | 495.24 | 00:00:17.9306892
ServiceSideAsyncCopy | 8 | 001MB/File07.dat | 1.0 | 3.73 | 2142.32
ServiceSideAsyncCopy | 8 | 001MB/File02.dat | 1.0 | 3.16 | 2533.12
ServiceSideAsyncCopy | 8 | 001MB/File06.dat | 1.0 | 2.73 | 2930.57
ServiceSideAsyncCopy | 8 | 001MB/File03.dat | 1.0 | 2.36 | 3385.07
ServiceSideAsyncCopy | 8 | 001MB/File00.dat | 1.0 | 2.15 | 3719.01
ServiceSideAsyncCopy | 8 | 001MB/File05.dat | 1.0 | 1.92 | 4158.70
ServiceSideAsyncCopy | 8 | 001MB/File04.dat | 1.0 | 1.76 | 4540.36
ServiceSideAsyncCopy | 8 | 001MB/File08.dat | 1.0 | 2.67 | 2996.76
ServiceSideAsyncCopy | 8 | 001MB/File01.dat | 1.0 | 1.45 | 5535.36
ServiceSideAsyncCopy | 8 | 001MB/File09.dat | 1.0 | 2.35 | 3401.29
ServiceSideAsyncCopy | 8 | 010MB/File00.dat | 10.0 | 4.95 | 16175.85
ServiceSideAsyncCopy | 8 | 010MB/File04.dat | 10.0 | 5.34 | 14992.29
ServiceSideAsyncCopy | 8 | 010MB/File01.dat | 10.0 | 4.91 | 16280.90
ServiceSideAsyncCopy | 8 | 010MB/File03.dat | 10.0 | 5.02 | 15946.28
ServiceSideAsyncCopy | 8 | 010MB/File05.dat | 10.0 | 5.21 | 15363.38
ServiceSideAsyncCopy | 8 | 010MB/File06.dat | 10.0 | 4.73 | 16915.88
ServiceSideAsyncCopy | 8 | 010MB/File07.dat | 10.0 | 4.70 | 17017.40
ServiceSideAsyncCopy | 8 | 010MB/File02.dat | 10.0 | 4.08 | 19627.20
ServiceSideAsyncCopy | 8 | 010MB/File09.dat | 10.0 | 19.89 | 4022.52
ServiceSideAsyncCopy | 8 | 010MB/File08.dat | 10.0 | 14.59 | 5483.00
ServiceSideAsyncCopy | 8 | 100MB/File00.dat | 100.0 | 36.02 | 22210.16
ServiceSideAsyncCopy | 8 | 100MB/File01.dat | 100.0 | 34.94 | 22898.62
ServiceSideAsyncCopy | 8 | 100MB/File02.dat | 100.0 | 20.40 | 39221.79
ServiceSideAsyncCopy | 8 | 100MB/File03.dat | 100.0 | 18.60 | 43006.39
ServiceSideAsyncCopy | 8 | 100MB/File04.dat | 100.0 | 14.61 | 54745.56
ServiceSideAsyncCopy | 8 | 100MB/File05.dat | 100.0 | 10.86 | 73634.24
ServiceSideAsyncCopy | 8 | 100MB/File06.dat | 100.0 | 9.03 | 88575.07
ServiceSideAsyncCopy | 8 | 100MB/File07.dat | 100.0 | 5.93 | 134887.29
ServiceSideAsyncCopy | 8 | 100MB/File08.dat | 100.0 | 6.77 | 118216.03
ServiceSideAsyncCopy | 8 | 100MB/File09.dat | 100.0 | 5.78 | 138525.06
ServiceSideAsyncCopy-Total | 8 | 30 blobs | 1110.0 | 48.89 | 00:03:01.6281271
SyncCopy | 16 | 001MB/File09.dat | 1.0 | 6.73 | 1188.49
SyncCopy | 16 | 001MB/File01.dat | 1.0 | 6.18 | 1294.73
SyncCopy | 16 | 001MB/File07.dat | 1.0 | 5.52 | 1449.91
SyncCopy | 16 | 001MB/File05.dat | 1.0 | 5.33 | 1499.77
SyncCopy | 16 | 001MB/File00.dat | 1.0 | 5.04 | 1587.10
SyncCopy | 16 | 001MB/File04.dat | 1.0 | 4.97 | 1609.47
SyncCopy | 16 | 001MB/File02.dat | 1.0 | 4.90 | 1631.24
SyncCopy | 16 | 001MB/File06.dat | 1.0 | 3.60 | 2222.20
SyncCopy | 16 | 001MB/File08.dat | 1.0 | 2.64 | 3034.20
SyncCopy | 16 | 001MB/File03.dat | 1.0 | 1.97 | 4051.24
SyncCopy | 16 | 010MB/File02.dat | 10.0 | 12.26 | 6525.83
SyncCopy | 16 | 010MB/File07.dat | 10.0 | 5.58 | 14325.27
SyncCopy | 16 | 010MB/File05.dat | 10.0 | 5.03 | 15903.92
SyncCopy | 16 | 010MB/File00.dat | 10.0 | 4.78 | 16737.81
SyncCopy | 16 | 010MB/File09.dat | 10.0 | 4.88 | 16389.65
SyncCopy | 16 | 010MB/File01.dat | 10.0 | 4.04 | 19799.49
SyncCopy | 16 | 010MB/File08.dat | 10.0 | 4.19 | 19083.55
SyncCopy | 16 | 010MB/File03.dat | 10.0 | 3.81 | 20994.17
SyncCopy | 16 | 010MB/File06.dat | 10.0 | 3.93 | 20343.50
SyncCopy | 16 | 100MB/File00.dat | 100.0 | 39.15 | 20434.08
SyncCopy | 16 | 100MB/File01.dat | 100.0 | 37.05 | 21591.59
SyncCopy | 16 | 010MB/File04.dat | 10.0 | 3.43 | 23292.36
SyncCopy | 16 | 100MB/File02.dat | 100.0 | 36.05 | 22190.85
SyncCopy | 16 | 100MB/File03.dat | 100.0 | 32.20 | 24846.20
SyncCopy | 16 | 100MB/File08.dat | 100.0 | 45.68 | 17514.11
SyncCopy | 16 | 100MB/File04.dat | 100.0 | 25.36 | 31546.79
SyncCopy | 16 | 100MB/File05.dat | 100.0 | 25.39 | 31505.49
SyncCopy | 16 | 100MB/File09.dat | 100.0 | 40.18 | 19911.26
SyncCopy | 16 | 100MB/File07.dat | 100.0 | 37.76 | 21187.76
SyncCopy | 16 | 100MB/File06.dat | 100.0 | 25.48 | 31397.07
SyncCopy-Total | 16 | 30 blobs | 1110.0 | 233.39 | 00:00:38.0474032
ServiceSideSyncCopy | 16 | 001MB/File07.dat | 1.0 | 6.83 | 1171.35
ServiceSideSyncCopy | 16 | 001MB/File05.dat | 1.0 | 5.46 | 1463.93
ServiceSideSyncCopy | 16 | 001MB/File04.dat | 1.0 | 5.30 | 1510.73
ServiceSideSyncCopy | 16 | 001MB/File01.dat | 1.0 | 5.24 | 1528.00
ServiceSideSyncCopy | 16 | 001MB/File00.dat | 1.0 | 5.22 | 1533.33
ServiceSideSyncCopy | 16 | 001MB/File09.dat | 1.0 | 5.19 | 1540.40
ServiceSideSyncCopy | 16 | 001MB/File02.dat | 1.0 | 4.98 | 1605.12
ServiceSideSyncCopy | 16 | 001MB/File08.dat | 1.0 | 4.70 | 1701.31
ServiceSideSyncCopy | 16 | 001MB/File06.dat | 1.0 | 4.53 | 1764.58
ServiceSideSyncCopy | 16 | 010MB/File01.dat | 10.0 | 40.79 | 1961.50
ServiceSideSyncCopy | 16 | 010MB/File04.dat | 10.0 | 34.25 | 2335.83
ServiceSideSyncCopy | 16 | 010MB/File00.dat | 10.0 | 33.63 | 2378.83
ServiceSideSyncCopy | 16 | 001MB/File03.dat | 1.0 | 3.34 | 2396.32
ServiceSideSyncCopy | 16 | 010MB/File03.dat | 10.0 | 27.93 | 2864.01
ServiceSideSyncCopy | 16 | 010MB/File02.dat | 10.0 | 24.65 | 3246.04
ServiceSideSyncCopy | 16 | 010MB/File06.dat | 10.0 | 38.49 | 2078.39
ServiceSideSyncCopy | 16 | 010MB/File05.dat | 10.0 | 23.92 | 3344.41
ServiceSideSyncCopy | 16 | 010MB/File09.dat | 10.0 | 41.72 | 1917.73
ServiceSideSyncCopy | 16 | 010MB/File08.dat | 10.0 | 28.67 | 2790.07
ServiceSideSyncCopy | 16 | 010MB/File07.dat | 10.0 | 26.13 | 3062.00
ServiceSideSyncCopy | 16 | 100MB/File02.dat | 100.0 | 198.24 | 4035.44
ServiceSideSyncCopy | 16 | 100MB/File01.dat | 100.0 | 166.90 | 4793.18
ServiceSideSyncCopy | 16 | 100MB/File05.dat | 100.0 | 135.42 | 5907.39
ServiceSideSyncCopy | 16 | 100MB/File03.dat | 100.0 | 123.76 | 6464.07
ServiceSideSyncCopy | 16 | 100MB/File06.dat | 100.0 | 123.37 | 6484.48
ServiceSideSyncCopy | 16 | 100MB/File07.dat | 100.0 | 122.35 | 6538.81
ServiceSideSyncCopy | 16 | 100MB/File04.dat | 100.0 | 109.48 | 7307.39
ServiceSideSyncCopy | 16 | 100MB/File09.dat | 100.0 | 120.85 | 6619.77
ServiceSideSyncCopy | 16 | 100MB/File08.dat | 100.0 | 76.96 | 10395.64
ServiceSideSyncCopy | 16 | 100MB/File00.dat | 100.0 | 47.06 | 16999.07
ServiceSideSyncCopy-Total | 16 | 30 blobs | 1110.0 | 476.62 | 00:00:18.6311011
ServiceSideAsyncCopy | 16 | 001MB/File00.dat | 1.0 | 5.27 | 1518.77
ServiceSideAsyncCopy | 16 | 001MB/File08.dat | 1.0 | 4.65 | 1719.94
ServiceSideAsyncCopy | 16 | 001MB/File07.dat | 1.0 | 1.64 | 4874.17
ServiceSideAsyncCopy | 16 | 001MB/File04.dat | 1.0 | 1.17 | 6829.83
ServiceSideAsyncCopy | 16 | 001MB/File03.dat | 1.0 | 1.14 | 7038.38
ServiceSideAsyncCopy | 16 | 001MB/File06.dat | 1.0 | 1.08 | 7429.79
ServiceSideAsyncCopy | 16 | 001MB/File01.dat | 1.0 | 1.05 | 7644.96
ServiceSideAsyncCopy | 16 | 001MB/File09.dat | 1.0 | .71 | 11329.05
ServiceSideAsyncCopy | 16 | 010MB/File02.dat | 10.0 | 6.93 | 11542.78
ServiceSideAsyncCopy | 16 | 001MB/File02.dat | 1.0 | .67 | 11907.65
ServiceSideAsyncCopy | 16 | 010MB/File00.dat | 10.0 | 6.27 | 12765.28
ServiceSideAsyncCopy | 16 | 001MB/File05.dat | 1.0 | .62 | 12923.51
ServiceSideAsyncCopy | 16 | 010MB/File03.dat | 10.0 | 6.01 | 13321.34
ServiceSideAsyncCopy | 16 | 010MB/File05.dat | 10.0 | 6.00 | 13322.99
ServiceSideAsyncCopy | 16 | 010MB/File04.dat | 10.0 | 5.74 | 13944.00
ServiceSideAsyncCopy | 16 | 010MB/File07.dat | 10.0 | 5.86 | 13661.60
ServiceSideAsyncCopy | 16 | 010MB/File01.dat | 10.0 | 4.91 | 16292.32
ServiceSideAsyncCopy | 16 | 010MB/File09.dat | 10.0 | 7.90 | 10131.55
ServiceSideAsyncCopy | 16 | 010MB/File08.dat | 10.0 | 6.43 | 12438.44
ServiceSideAsyncCopy | 16 | 010MB/File06.dat | 10.0 | 4.70 | 17038.96
ServiceSideAsyncCopy | 16 | 100MB/File00.dat | 100.0 | 28.89 | 27695.84
ServiceSideAsyncCopy | 16 | 100MB/File01.dat | 100.0 | 29.08 | 27512.59
ServiceSideAsyncCopy | 16 | 100MB/File02.dat | 100.0 | 16.37 | 48883.45
ServiceSideAsyncCopy | 16 | 100MB/File03.dat | 100.0 | 17.28 | 46292.05
ServiceSideAsyncCopy | 16 | 100MB/File04.dat | 100.0 | 12.12 | 66002.36
ServiceSideAsyncCopy | 16 | 100MB/File05.dat | 100.0 | 11.93 | 67044.40
ServiceSideAsyncCopy | 16 | 100MB/File06.dat | 100.0 | 9.47 | 84513.81
ServiceSideAsyncCopy | 16 | 100MB/File07.dat | 100.0 | 9.42 | 84893.60
ServiceSideAsyncCopy | 16 | 100MB/File09.dat | 100.0 | 7.74 | 103308.89
ServiceSideAsyncCopy | 16 | 100MB/File08.dat | 100.0 | 7.61 | 105181.45
ServiceSideAsyncCopy-Total | 16 | 30 blobs | 1110.0 | 74.87 | 00:01:58.6055256
SyncCopy | 32 | 001MB/File01.dat | 1.0 | 5.39 | 1485.07
SyncCopy | 32 | 001MB/File09.dat | 1.0 | 4.01 | 1994.29
SyncCopy | 32 | 001MB/File04.dat | 1.0 | 3.70 | 2163.15
SyncCopy | 32 | 001MB/File07.dat | 1.0 | 3.10 | 2584.82
SyncCopy | 32 | 001MB/File06.dat | 1.0 | 1.88 | 4266.09
SyncCopy | 32 | 001MB/File08.dat | 1.0 | 1.43 | 5597.41
SyncCopy | 32 | 001MB/File00.dat | 1.0 | 1.18 | 6798.94
SyncCopy | 32 | 001MB/File05.dat | 1.0 | .90 | 8892.83
SyncCopy | 32 | 001MB/File03.dat | 1.0 | .86 | 9267.13
SyncCopy | 32 | 001MB/File02.dat | 1.0 | .85 | 9408.62
SyncCopy | 32 | 010MB/File04.dat | 10.0 | 5.46 | 14644.67
SyncCopy | 32 | 010MB/File00.dat | 10.0 | 5.16 | 15501.33
SyncCopy | 32 | 010MB/File08.dat | 10.0 | 5.15 | 15529.79
SyncCopy | 32 | 010MB/File01.dat | 10.0 | 5.13 | 15596.19
SyncCopy | 32 | 010MB/File07.dat | 10.0 | 5.05 | 15829.52
SyncCopy | 32 | 010MB/File02.dat | 10.0 | 4.72 | 16940.28
SyncCopy | 32 | 010MB/File09.dat | 10.0 | 4.45 | 17989.39
SyncCopy | 32 | 010MB/File05.dat | 10.0 | 3.82 | 20953.34
SyncCopy | 32 | 010MB/File03.dat | 10.0 | 3.40 | 23522.66
SyncCopy | 32 | 010MB/File06.dat | 10.0 | 3.19 | 25075.63
SyncCopy | 32 | 100MB/File03.dat | 100.0 | 25.03 | 31965.40
SyncCopy | 32 | 100MB/File07.dat | 100.0 | 24.87 | 32166.13
SyncCopy | 32 | 100MB/File00.dat | 100.0 | 24.34 | 32871.17
SyncCopy | 32 | 100MB/File04.dat | 100.0 | 23.11 | 34620.11
SyncCopy | 32 | 100MB/File08.dat | 100.0 | 22.82 | 35060.40
SyncCopy | 32 | 100MB/File09.dat | 100.0 | 22.57 | 35438.07
SyncCopy | 32 | 100MB/File06.dat | 100.0 | 22.46 | 35611.31
SyncCopy | 32 | 100MB/File01.dat | 100.0 | 22.30 | 35881.78
SyncCopy | 32 | 100MB/File02.dat | 100.0 | 21.03 | 38036.24
SyncCopy | 32 | 100MB/File05.dat | 100.0 | 20.17 | 39659.43
SyncCopy-Total | 32 | 30 blobs | 1110.0 | 223.28 | 00:00:39.7713442
ServiceSideSyncCopy | 32 | 001MB/File01.dat | 1.0 | 4.28 | 1871.34
ServiceSideSyncCopy | 32 | 001MB/File06.dat | 1.0 | 4.26 | 1879.55
ServiceSideSyncCopy | 32 | 001MB/File04.dat | 1.0 | 4.04 | 1979.29
ServiceSideSyncCopy | 32 | 001MB/File08.dat | 1.0 | 3.92 | 2042.53
ServiceSideSyncCopy | 32 | 001MB/File09.dat | 1.0 | 3.86 | 2071.32
ServiceSideSyncCopy | 32 | 001MB/File00.dat | 1.0 | 3.86 | 2072.23
ServiceSideSyncCopy | 32 | 001MB/File02.dat | 1.0 | 3.85 | 2080.23
ServiceSideSyncCopy | 32 | 001MB/File05.dat | 1.0 | 3.65 | 2194.53
ServiceSideSyncCopy | 32 | 001MB/File03.dat | 1.0 | 3.12 | 2560.90
ServiceSideSyncCopy | 32 | 010MB/File08.dat | 10.0 | 31.10 | 2572.45
ServiceSideSyncCopy | 32 | 010MB/File04.dat | 10.0 | 30.00 | 2666.99
ServiceSideSyncCopy | 32 | 010MB/File06.dat | 10.0 | 29.97 | 2668.93
ServiceSideSyncCopy | 32 | 001MB/File07.dat | 1.0 | 2.69 | 2974.17
ServiceSideSyncCopy | 32 | 010MB/File02.dat | 10.0 | 26.87 | 2977.02
ServiceSideSyncCopy | 32 | 010MB/File01.dat | 10.0 | 26.79 | 2986.66
ServiceSideSyncCopy | 32 | 010MB/File05.dat | 10.0 | 24.67 | 3242.37
ServiceSideSyncCopy | 32 | 010MB/File00.dat | 10.0 | 22.84 | 3502.83
ServiceSideSyncCopy | 32 | 100MB/File09.dat | 100.0 | 202.13 | 3957.86
ServiceSideSyncCopy | 32 | 010MB/File03.dat | 10.0 | 19.73 | 4054.81
ServiceSideSyncCopy | 32 | 010MB/File09.dat | 10.0 | 18.63 | 4293.34
ServiceSideSyncCopy | 32 | 100MB/File08.dat | 100.0 | 149.14 | 5364.20
ServiceSideSyncCopy | 32 | 010MB/File07.dat | 10.0 | 12.86 | 6222.57
ServiceSideSyncCopy | 32 | 100MB/File04.dat | 100.0 | 125.37 | 6381.16
ServiceSideSyncCopy | 32 | 100MB/File00.dat | 100.0 | 103.99 | 7692.95
ServiceSideSyncCopy | 32 | 100MB/File05.dat | 100.0 | 103.51 | 7728.39
ServiceSideSyncCopy | 32 | 100MB/File06.dat | 100.0 | 98.46 | 8125.06
ServiceSideSyncCopy | 32 | 100MB/File02.dat | 100.0 | 92.19 | 8677.94
ServiceSideSyncCopy | 32 | 100MB/File07.dat | 100.0 | 92.13 | 8683.38
ServiceSideSyncCopy | 32 | 100MB/File03.dat | 100.0 | 90.04 | 8885.24
ServiceSideSyncCopy | 32 | 100MB/File01.dat | 100.0 | 83.28 | 9606.07
ServiceSideSyncCopy-Total | 32 | 30 blobs | 1110.0 | 914.51 | 00:00:09.7100994
ServiceSideAsyncCopy | 32 | 001MB/File06.dat | 1.0 | 1.60 | 5009.61
ServiceSideAsyncCopy | 32 | 001MB/File04.dat | 1.0 | 1.60 | 5009.64
ServiceSideAsyncCopy | 32 | 001MB/File03.dat | 1.0 | 1.53 | 5230.66
ServiceSideAsyncCopy | 32 | 010MB/File07.dat | 10.0 | 9.48 | 8439.95
ServiceSideAsyncCopy | 32 | 001MB/File02.dat | 1.0 | .78 | 10284.94
ServiceSideAsyncCopy | 32 | 001MB/File00.dat | 1.0 | .76 | 10487.96
ServiceSideAsyncCopy | 32 | 010MB/File02.dat | 10.0 | 7.48 | 10695.92
ServiceSideAsyncCopy | 32 | 001MB/File07.dat | 1.0 | .72 | 11106.69
ServiceSideAsyncCopy | 32 | 010MB/File08.dat | 10.0 | 7.08 | 11293.20
ServiceSideAsyncCopy | 32 | 001MB/File01.dat | 1.0 | .58 | 13852.16
ServiceSideAsyncCopy | 32 | 001MB/File09.dat | 1.0 | .52 | 15517.03
ServiceSideAsyncCopy | 32 | 001MB/File08.dat | 1.0 | .51 | 15722.88
ServiceSideAsyncCopy | 32 | 010MB/File09.dat | 10.0 | 4.79 | 16708.20
ServiceSideAsyncCopy | 32 | 001MB/File05.dat | 1.0 | .42 | 19126.76
ServiceSideAsyncCopy | 32 | 010MB/File01.dat | 10.0 | 3.82 | 20947.93
ServiceSideAsyncCopy | 32 | 010MB/File04.dat | 10.0 | 3.75 | 21338.30
ServiceSideAsyncCopy | 32 | 010MB/File00.dat | 10.0 | 3.17 | 25228.66
ServiceSideAsyncCopy | 32 | 010MB/File05.dat | 10.0 | 3.07 | 26070.47
ServiceSideAsyncCopy | 32 | 010MB/File06.dat | 10.0 | 2.86 | 27968.56
ServiceSideAsyncCopy | 32 | 010MB/File03.dat | 10.0 | 2.80 | 28579.08
ServiceSideAsyncCopy | 32 | 100MB/File06.dat | 100.0 | 21.66 | 36938.39
ServiceSideAsyncCopy | 32 | 100MB/File04.dat | 100.0 | 19.41 | 41212.77
ServiceSideAsyncCopy | 32 | 100MB/File03.dat | 100.0 | 14.59 | 54829.30
ServiceSideAsyncCopy | 32 | 100MB/File09.dat | 100.0 | 14.12 | 56655.67
ServiceSideAsyncCopy | 32 | 100MB/File07.dat | 100.0 | 11.15 | 71779.80
ServiceSideAsyncCopy | 32 | 100MB/File08.dat | 100.0 | 10.76 | 74381.58
ServiceSideAsyncCopy | 32 | 100MB/File05.dat | 100.0 | 9.05 | 88426.53
ServiceSideAsyncCopy | 32 | 100MB/File02.dat | 100.0 | 8.68 | 92206.89
ServiceSideAsyncCopy | 32 | 100MB/File00.dat | 100.0 | 7.34 | 108981.88
ServiceSideAsyncCopy | 32 | 100MB/File01.dat | 100.0 | 7.28 | 109865.67
ServiceSideAsyncCopy-Total | 32 | 30 blobs | 1110.0 | 80.75 | 00:01:49.9706931
SyncCopy | 1 | 001MB/File00.dat | 1.0 | 6.84 | 1169.32
SyncCopy | 1 | 001MB/File01.dat | 1.0 | 13.14 | 608.66
SyncCopy | 1 | 001MB/File02.dat | 1.0 | 7.73 | 1035.22
SyncCopy | 1 | 001MB/File03.dat | 1.0 | 4.00 | 1998.89
SyncCopy | 1 | 001MB/File04.dat | 1.0 | 4.77 | 1678.68
SyncCopy | 1 | 001MB/File05.dat | 1.0 | 5.55 | 1442.60
SyncCopy | 1 | 001MB/File06.dat | 1.0 | 6.17 | 1296.90
SyncCopy | 1 | 001MB/File07.dat | 1.0 | 5.91 | 1352.75
SyncCopy | 1 | 001MB/File08.dat | 1.0 | 4.29 | 1864.66
SyncCopy | 1 | 001MB/File09.dat | 1.0 | 4.54 | 1762.42
SyncCopy | 1 | 010MB/File00.dat | 10.0 | 19.15 | 4176.54
SyncCopy | 1 | 010MB/File01.dat | 10.0 | 6.41 | 12477.94
SyncCopy | 1 | 010MB/File02.dat | 10.0 | 6.62 | 12075.84
SyncCopy | 1 | 010MB/File03.dat | 10.0 | 5.19 | 15400.69
SyncCopy | 1 | 010MB/File04.dat | 10.0 | 9.36 | 8551.14
SyncCopy | 1 | 010MB/File05.dat | 10.0 | 6.00 | 13323.93
SyncCopy | 1 | 010MB/File06.dat | 10.0 | 5.90 | 13560.01
SyncCopy | 1 | 010MB/File07.dat | 10.0 | 3.57 | 22413.62
SyncCopy | 1 | 010MB/File08.dat | 10.0 | 23.14 | 3456.86
SyncCopy | 1 | 010MB/File09.dat | 10.0 | 19.69 | 4063.92
SyncCopy | 1 | 100MB/File00.dat | 100.0 | 35.77 | 22362.19
SyncCopy | 1 | 100MB/File01.dat | 100.0 | 37.76 | 21188.95
SyncCopy | 1 | 100MB/File02.dat | 100.0 | 51.46 | 15545.72
SyncCopy | 1 | 100MB/File03.dat | 100.0 | 45.38 | 17629.19
SyncCopy | 1 | 100MB/File04.dat | 100.0 | 44.37 | 18029.53
SyncCopy | 1 | 100MB/File05.dat | 100.0 | 48.50 | 16496.08
SyncCopy | 1 | 100MB/File06.dat | 100.0 | 35.40 | 22600.77
SyncCopy | 1 | 100MB/File07.dat | 100.0 | 39.25 | 20381.56
SyncCopy | 1 | 100MB/File08.dat | 100.0 | 38.47 | 20797.35
SyncCopy | 1 | 100MB/File09.dat | 100.0 | 46.44 | 17228.09
SyncCopy-Total | 1 | 30 blobs | 1110.0 | 28.09 | 00:05:16.0734689
ServiceSideSyncCopy | 1 | 001MB/File00.dat | 1.0 | 6.53 | 1224.59
ServiceSideSyncCopy | 1 | 001MB/File01.dat | 1.0 | 14.19 | 563.82
ServiceSideSyncCopy | 1 | 001MB/File02.dat | 1.0 | 16.38 | 488.39
ServiceSideSyncCopy | 1 | 001MB/File03.dat | 1.0 | 12.90 | 619.96
ServiceSideSyncCopy | 1 | 001MB/File04.dat | 1.0 | 10.34 | 773.96
ServiceSideSyncCopy | 1 | 001MB/File05.dat | 1.0 | 11.38 | 702.74
ServiceSideSyncCopy | 1 | 001MB/File06.dat | 1.0 | 12.22 | 654.66
ServiceSideSyncCopy | 1 | 001MB/File07.dat | 1.0 | 11.72 | 682.80
ServiceSideSyncCopy | 1 | 001MB/File08.dat | 1.0 | 12.48 | 641.07
ServiceSideSyncCopy | 1 | 001MB/File09.dat | 1.0 | 10.11 | 790.93
ServiceSideSyncCopy | 1 | 010MB/File00.dat | 10.0 | 14.15 | 5653.32
ServiceSideSyncCopy | 1 | 010MB/File01.dat | 10.0 | 13.35 | 5993.29
ServiceSideSyncCopy | 1 | 010MB/File02.dat | 10.0 | 25.22 | 3171.59
ServiceSideSyncCopy | 1 | 010MB/File03.dat | 10.0 | 32.66 | 2449.34
ServiceSideSyncCopy | 1 | 010MB/File04.dat | 10.0 | 43.20 | 1852.01
ServiceSideSyncCopy | 1 | 010MB/File05.dat | 10.0 | 27.20 | 2941.29
ServiceSideSyncCopy | 1 | 010MB/File06.dat | 10.0 | 31.18 | 2565.82
ServiceSideSyncCopy | 1 | 010MB/File07.dat | 10.0 | 20.84 | 3838.77
ServiceSideSyncCopy | 1 | 010MB/File08.dat | 10.0 | 33.85 | 2363.26
ServiceSideSyncCopy | 1 | 010MB/File09.dat | 10.0 | 48.28 | 1656.90
ServiceSideSyncCopy | 1 | 100MB/File00.dat | 100.0 | 188.33 | 4247.92
ServiceSideSyncCopy | 1 | 100MB/File01.dat | 100.0 | 139.22 | 5746.24
ServiceSideSyncCopy | 1 | 100MB/File02.dat | 100.0 | 145.09 | 5513.94
ServiceSideSyncCopy | 1 | 100MB/File03.dat | 100.0 | 70.09 | 11414.22
ServiceSideSyncCopy | 1 | 100MB/File04.dat | 100.0 | 178.73 | 4476.13
ServiceSideSyncCopy | 1 | 100MB/File05.dat | 100.0 | 151.34 | 5286.12
ServiceSideSyncCopy | 1 | 100MB/File06.dat | 100.0 | 166.68 | 4799.51
ServiceSideSyncCopy | 1 | 100MB/File07.dat | 100.0 | 188.86 | 4235.99
ServiceSideSyncCopy | 1 | 100MB/File08.dat | 100.0 | 172.50 | 4637.78
ServiceSideSyncCopy | 1 | 100MB/File09.dat | 100.0 | 140.24 | 5704.68
ServiceSideSyncCopy-Total | 1 | 30 blobs | 1110.0 | 92.70 | 00:01:35.7969207
ServiceSideAsyncCopy | 1 | 001MB/File00.dat | 1.0 | 4.18 | 1915.78
ServiceSideAsyncCopy | 1 | 001MB/File01.dat | 1.0 | 3.00 | 2663.75
ServiceSideAsyncCopy | 1 | 001MB/File02.dat | 1.0 | 3.24 | 2469.24
ServiceSideAsyncCopy | 1 | 001MB/File03.dat | 1.0 | 3.21 | 2492.02
ServiceSideAsyncCopy | 1 | 001MB/File04.dat | 1.0 | 2.80 | 2854.94
ServiceSideAsyncCopy | 1 | 001MB/File05.dat | 1.0 | 3.02 | 2651.56
ServiceSideAsyncCopy | 1 | 001MB/File06.dat | 1.0 | 2.58 | 3101.88
ServiceSideAsyncCopy | 1 | 001MB/File07.dat | 1.0 | 3.19 | 2511.06
ServiceSideAsyncCopy | 1 | 001MB/File08.dat | 1.0 | 5.56 | 1439.01
ServiceSideAsyncCopy | 1 | 001MB/File09.dat | 1.0 | 6.48 | 1233.92
ServiceSideAsyncCopy | 1 | 010MB/File00.dat | 10.0 | 25.74 | 3107.54
ServiceSideAsyncCopy | 1 | 010MB/File01.dat | 10.0 | 35.29 | 2266.79
ServiceSideAsyncCopy | 1 | 010MB/File02.dat | 10.0 | 27.61 | 2897.75
ServiceSideAsyncCopy | 1 | 010MB/File03.dat | 10.0 | 32.03 | 2497.92
ServiceSideAsyncCopy | 1 | 010MB/File04.dat | 10.0 | 30.04 | 2663.36
ServiceSideAsyncCopy | 1 | 010MB/File05.dat | 10.0 | 22.70 | 3524.81
ServiceSideAsyncCopy | 1 | 010MB/File06.dat | 10.0 | 19.45 | 4112.48
ServiceSideAsyncCopy | 1 | 010MB/File07.dat | 10.0 | 15.89 | 5034.86
ServiceSideAsyncCopy | 1 | 010MB/File08.dat | 10.0 | 16.53 | 4841.01
ServiceSideAsyncCopy | 1 | 010MB/File09.dat | 10.0 | 17.60 | 4545.54
ServiceSideAsyncCopy | 1 | 100MB/File00.dat | 100.0 | 47.62 | 16799.15
ServiceSideAsyncCopy | 1 | 100MB/File01.dat | 100.0 | 55.20 | 14492.07
ServiceSideAsyncCopy | 1 | 100MB/File02.dat | 100.0 | 50.89 | 15719.01
ServiceSideAsyncCopy | 1 | 100MB/File03.dat | 100.0 | 66.85 | 11966.93
ServiceSideAsyncCopy | 1 | 100MB/File04.dat | 100.0 | 55.34 | 14455.69
ServiceSideAsyncCopy | 1 | 100MB/File05.dat | 100.0 | 45.83 | 17454.62
ServiceSideAsyncCopy | 1 | 100MB/File06.dat | 100.0 | 44.94 | 17801.05
ServiceSideAsyncCopy | 1 | 100MB/File07.dat | 100.0 | 56.64 | 14125.30
ServiceSideAsyncCopy | 1 | 100MB/File08.dat | 100.0 | 45.16 | 17715.60
ServiceSideAsyncCopy | 1 | 100MB/File09.dat | 100.0 | 47.15 | 16966.93
ServiceSideAsyncCopy-Total | 1 | 30 blobs | 1110.0 | 41.02 | 00:03:36.4834964
